This is pdfeTeX, Version 3.141592-1.30.6-2.2 (MiKTeX 2.5) (preloaded format=pdflatex 2007.5.4)  21 AUG 2007 19:12
entering extended mode
**\nonstopmode\input userguide.tex
(userguide.tex ("C:\Program Files\MiKTeX 2.5\tex\latex\base\article.cls"
Document Class: article 2005/09/16 v1.4f Standard LaTeX document class
("C:\Program Files\MiKTeX 2.5\tex\latex\base\size11.clo"
File: size11.clo 2005/09/16 v1.4f Standard LaTeX file (size option)
)
\c@part=\count79
\c@section=\count80
\c@subsection=\count81
\c@subsubsection=\count82
\c@paragraph=\count83
\c@subparagraph=\count84
\c@figure=\count85
\c@table=\count86
\abovecaptionskip=\skip41
\belowcaptionskip=\skip42
\bibindent=\dimen102
)
("C:\Program Files\MiKTeX 2.5\tex\latex\graphics\graphicx.sty"
Package: graphicx 1999/02/16 v1.0f Enhanced LaTeX Graphics (DPC,SPQR)

("C:\Program Files\MiKTeX 2.5\tex\latex\graphics\keyval.sty"
Package: keyval 1999/03/16 v1.13 key=value parser (DPC)
\KV@toks@=\toks14
)
("C:\Program Files\MiKTeX 2.5\tex\latex\graphics\graphics.sty"
Package: graphics 2006/02/20 v1.0o Standard LaTeX Graphics (DPC,SPQR)

("C:\Program Files\MiKTeX 2.5\tex\latex\graphics\trig.sty"
Package: trig 1999/03/16 v1.09 sin cos tan (DPC)
)
("C:\Program Files\MiKTeX 2.5\tex\latex\00miktex\graphics.cfg"
File: graphics.cfg 2005/12/29 v1.2 MiKTeX 'graphics' configuration
)
Package graphics Info: Driver file: pdftex.def on input line 90.

("C:\Program Files\MiKTeX 2.5\tex\latex\graphics\pdftex.def"
File: pdftex.def 2007/01/08 v0.04d Graphics/color for pdfTeX
\Gread@gobject=\count87
))
\Gin@req@height=\dimen103
\Gin@req@width=\dimen104
)
("C:\Program Files\MiKTeX 2.5\tex\latex\base\inputenc.sty"
Package: inputenc 2006/05/05 v1.1b Input encoding file
\inpenc@prehook=\toks15
\inpenc@posthook=\toks16

("C:\Program Files\MiKTeX 2.5\tex\latex\base\latin1.def"
File: latin1.def 2006/05/05 v1.1b Input encoding file
))
("C:\Program Files\MiKTeX 2.5\tex\latex\base\fontenc.sty"
Package: fontenc 2005/09/27 v1.99g Standard LaTeX package

("C:\Program Files\MiKTeX 2.5\tex\latex\base\t1enc.def"
File: t1enc.def 2005/09/27 v1.99g Standard LaTeX file
LaTeX Font Info:    Redeclaring font encoding T1 on input line 43.
))
("C:\Program Files\MiKTeX 2.5\tex\latex\ltxmisc\url.sty"
\Urlmuskip=\muskip10
Package: url 2005/06/27  ver 3.2  Verb mode for urls, etc.
)
("C:\Program Files\MiKTeX 2.5\tex\latex\psnfss\times.sty"
Package: times 2005/04/12 PSNFSS-v9.2a (SPQR) 
)
("C:\Program Files\MiKTeX 2.5\tex\latex\geometry\geometry.sty"
Package: geometry 2002/07/08 v3.2 Page Geometry
\Gm@cnth=\count88
\Gm@cntv=\count89
\c@Gm@tempcnt=\count90
\Gm@bindingoffset=\dimen105
\Gm@wd@mp=\dimen106
\Gm@odd@mp=\dimen107
\Gm@even@mp=\dimen108
\Gm@dimlist=\toks17

("C:\Program Files\MiKTeX 2.5\tex\latex\geometry\geometry.cfg"))
("C:\Program Files\MiKTeX 2.5\tex\latex\wrapfig\wrapfig.sty"
\wrapoverhang=\dimen109
\WF@size=\dimen110
\c@WF@wrappedlines=\count91
\WF@box=\box26
\WF@everypar=\toks18
Package: wrapfig 2003/01/31  v 3.6
)
("C:\Program Files\MiKTeX 2.5\tex\latex\subfigure\subfigure.sty"
Package: subfigure 2002/07/30 v2.1.4 subfigure package
\subfigtopskip=\skip43
\subfigcapskip=\skip44
\subfigcaptopadj=\dimen111
\subfigbottomskip=\skip45
\subfigcapmargin=\dimen112
\subfiglabelskip=\skip46
\c@subfigure=\count92
\c@lofdepth=\count93
\c@subtable=\count94
\c@lotdepth=\count95

****************************************
* Local config file subfigure.cfg used *
****************************************
("C:\Program Files\MiKTeX 2.5\tex\latex\subfigure\subfigure.cfg")
\subfig@top=\skip47
\subfig@bottom=\skip48
)
("C:\Program Files\MiKTeX 2.5\tex\latex\colortbl\colortbl.sty"
Package: colortbl 2001/02/13 v0.1j Color table columns (DPC)

("C:\Program Files\MiKTeX 2.5\tex\latex\tools\array.sty"
Package: array 2005/08/23 v2.4b Tabular extension package (FMi)
\col@sep=\dimen113
\extrarowheight=\dimen114
\NC@list=\toks19
\extratabsurround=\skip49
\backup@length=\skip50
)
("C:\Program Files\MiKTeX 2.5\tex\latex\graphics\color.sty"
Package: color 2005/11/14 v1.0j Standard LaTeX Color (DPC)

("C:\Program Files\MiKTeX 2.5\tex\latex\00miktex\color.cfg"
File: color.cfg 2005/12/29 v1.1 MiKTeX 'color' configuration
)
Package color Info: Driver file: pdftex.def on input line 130.
)
\everycr=\toks20
\minrowclearance=\skip51
)

LaTeX Warning: Unused global option(s):
    [english].

(userguide.aux)
LaTeX Font Info:    Checking defaults for OML/cmm/m/it on input line 37.
LaTeX Font Info:    ... okay on input line 37.
LaTeX Font Info:    Checking defaults for T1/cmr/m/n on input line 37.
LaTeX Font Info:    ... okay on input line 37.
LaTeX Font Info:    Checking defaults for OT1/cmr/m/n on input line 37.
LaTeX Font Info:    ... okay on input line 37.
LaTeX Font Info:    Checking defaults for OMS/cmsy/m/n on input line 37.
LaTeX Font Info:    ... okay on input line 37.
LaTeX Font Info:    Checking defaults for OMX/cmex/m/n on input line 37.
LaTeX Font Info:    ... okay on input line 37.
LaTeX Font Info:    Checking defaults for U/cmr/m/n on input line 37.
LaTeX Font Info:    ... okay on input line 37.
LaTeX Font Info:    Try loading font information for T1+ptm on input line 37.
 ("C:\Program Files\MiKTeX 2.5\tex\latex\psnfss\t1ptm.fd"
File: t1ptm.fd 2001/06/04 font definitions for T1/ptm.
)
("C:\Program Files\MiKTeX 2.5\tex\context\base\supp-pdf.tex"
[Loading MPS to PDF converter (version 2006.09.02).]
\scratchcounter=\count96
\scratchdimen=\dimen115
\scratchbox=\box27
\nofMPsegments=\count97
\nofMParguments=\count98
\MPscratchCnt=\count99
\MPscratchDim=\dimen116
\MPnumerator=\count100
\everyMPtoPDFconversion=\toks21
)

Package geometry Warning: The marginal notes would fall off the page.
     Add 3.0945pt and more to the right margin.

-------------------- Geometry parameters
paper: a4paper
landscape: --
twocolumn: --
twoside: --
asymmetric: --
h-parts: 56.9055pt, 483.69687pt, 56.9055pt
v-parts: 85.35826pt, 674.33032pt, 85.35826pt
hmarginratio: --
vmarginratio: --
lines: --
heightrounded: --
bindingoffset: 0.0pt
truedimen: --
includehead: --
includefoot: --
includemp: --
driver: pdftex
-------------------- Page layout dimensions and switches
\paperwidth  597.50787pt
\paperheight 845.04684pt
\textwidth  483.69687pt
\textheight 674.33032pt
\oddsidemargin  -15.36449pt
\evensidemargin -15.36449pt
\topmargin  -23.91173pt
\headheight 12.0pt
\headsep    25.0pt
\footskip   30.0pt
\marginparwidth 50.0pt
\marginparsep   10.0pt
\columnsep  10.0pt
\skip\footins  10.0pt plus 4.0pt minus 2.0pt
\hoffset 0.0pt
\voffset 0.0pt
\mag 1000

(1in=72.27pt, 1cm=28.45pt)
-----------------------
[1

{psfonts.map}]
LaTeX Font Info:    Font shape `T1/ptm/bx/n' in size <14.4> not available
(Font)              Font shape `T1/ptm/b/n' tried instead on input line 50.
 (userguide.toc
LaTeX Font Info:    Font shape `T1/ptm/bx/n' in size <10.95> not available
(Font)              Font shape `T1/ptm/b/n' tried instead on input line 1.
LaTeX Font Info:    External font `cmex10' loaded for size
(Font)              <10.95> on input line 5.
LaTeX Font Info:    External font `cmex10' loaded for size
(Font)              <8> on input line 5.
LaTeX Font Info:    External font `cmex10' loaded for size
(Font)              <6> on input line 5.
)
\tf@toc=\write3
 [1]
Underfull \hbox (badness 10000) in paragraph at lines 69--70
\T1/ptm/m/n/10.95 nice draw-ing, maybe
 []


Underfull \hbox (badness 1158) in paragraph at lines 69--70
\T1/ptm/m/n/10.95 even say-ing a com-ment
 []

[2]

Package wrapfig Warning: Stationary wrapfigure forced to float on input line 77
.


Package wrapfig Warning: Collision between wrapping environments on input line 
80.


Underfull \hbox (badness 10000) in paragraph at lines 82--85

 []


Underfull \hbox (badness 2189) in paragraph at lines 82--85
\T1/ptm/m/n/10.95 comment: ``use je-liot in the
 []


Underfull \hbox (badness 1009) in paragraph at lines 82--85
\T1/ptm/m/n/10.95 class-room to show things, no
 []


Underfull \hbox (badness 5756) in paragraph at lines 103--106
[]\T1/ptm/m/n/10.95 Professor: ``For quick
 []


Underfull \hbox (badness 10000) in paragraph at lines 103--106

 []


Underfull \hbox (badness 2941) in paragraph at lines 103--106
\T1/ptm/m/n/10.95 Student: ``Source code
 []

LaTeX Font Info:    Try loading font information for T1+pcr on input line 108.
("C:\Program Files\MiKTeX 2.5\tex\latex\psnfss\t1pcr.fd"
File: t1pcr.fd 2001/06/04 font definitions for T1/pcr.
) [3]
LaTeX Font Info:    Font shape `T1/ptm/bx/n' in size <12> not available
(Font)              Font shape `T1/ptm/b/n' tried instead on input line 115.
LaTeX Font Info:    Try loading font information for T1+phv on input line 127.

("C:\Program Files\MiKTeX 2.5\tex\latex\psnfss\t1phv.fd"
File: t1phv.fd 2001/06/04 scalable font definitions for T1/phv.
)

! LaTeX Error: Unknown graphics extension: .eps.

See the LaTeX manual or LaTeX Companion for explanation.
Type  H <return>  for immediate help.
 ...                                              
                                                  
l.133 ...\includegraphics[]{images/wininst_1.eps}}
                                                  
Try typing  <return>  to proceed.
If that doesn't work, type  X <return>  to quit.


Overfull \hbox (9.98987pt too wide) in paragraph at lines 133--133
[]\T1/ptm/m/n/9 (a)
 []


Overfull \hbox (18.13489pt too wide) in paragraph at lines 133--133
\T1/ptm/m/n/9 Win-
 []


Overfull \hbox (15.27296pt too wide) in paragraph at lines 133--133
\T1/ptm/m/n/9 dow
 []


Overfull \hbox (4.5pt too wide) in paragraph at lines 133--133
\T1/ptm/m/n/9 1 
 []


! LaTeX Error: Unknown graphics extension: .eps.

See the LaTeX manual or LaTeX Companion for explanation.
Type  H <return>  for immediate help.
 ...                                              
                                                  
l.134 ...\includegraphics[]{images/wininst_2.eps}}
                                                   \\
Try typing  <return>  to proceed.
If that doesn't work, type  X <return>  to quit.


Overfull \hbox (10.49393pt too wide) in paragraph at lines 134--134
[]\T1/ptm/m/n/9 (b)
 []


Overfull \hbox (18.13489pt too wide) in paragraph at lines 134--134
\T1/ptm/m/n/9 Win-
 []


Overfull \hbox (15.27296pt too wide) in paragraph at lines 134--134
\T1/ptm/m/n/9 dow
 []


Overfull \hbox (4.5pt too wide) in paragraph at lines 134--134
\T1/ptm/m/n/9 2 
 []


! LaTeX Error: Unknown graphics extension: .eps.

See the LaTeX manual or LaTeX Companion for explanation.
Type  H <return>  for immediate help.
 ...                                              
                                                  
l.135 ...\includegraphics[]{images/wininst_3.eps}}
                                                  
Try typing  <return>  to proceed.
If that doesn't work, type  X <return>  to quit.


Overfull \hbox (9.98987pt too wide) in paragraph at lines 135--135
[]\T1/ptm/m/n/9 (c)
 []


Overfull \hbox (18.13489pt too wide) in paragraph at lines 135--135
\T1/ptm/m/n/9 Win-
 []


Overfull \hbox (15.27296pt too wide) in paragraph at lines 135--135
\T1/ptm/m/n/9 dow
 []


Overfull \hbox (4.5pt too wide) in paragraph at lines 135--135
\T1/ptm/m/n/9 3 
 []


! LaTeX Error: Unknown graphics extension: .eps.

See the LaTeX manual or LaTeX Companion for explanation.
Type  H <return>  for immediate help.
 ...                                              
                                                  
l.136 ...\includegraphics[]{images/wininst_4.eps}}
                                                   \\
Try typing  <return>  to proceed.
If that doesn't work, type  X <return>  to quit.


Overfull \hbox (10.49393pt too wide) in paragraph at lines 136--136
[]\T1/ptm/m/n/9 (d)
 []


Overfull \hbox (18.13489pt too wide) in paragraph at lines 136--136
\T1/ptm/m/n/9 Win-
 []


Overfull \hbox (15.27296pt too wide) in paragraph at lines 136--136
\T1/ptm/m/n/9 dow
 []


Overfull \hbox (4.5pt too wide) in paragraph at lines 136--136
\T1/ptm/m/n/9 4 
 []


! LaTeX Error: Unknown graphics extension: .eps.

See the LaTeX manual or LaTeX Companion for explanation.
Type  H <return>  for immediate help.
 ...                                              
                                                  
l.137 ...\includegraphics[]{images/wininst_5.eps}}
                                                  
Try typing  <return>  to proceed.
If that doesn't work, type  X <return>  to quit.


Overfull \hbox (9.98987pt too wide) in paragraph at lines 137--137
[]\T1/ptm/m/n/9 (e)
 []


Overfull \hbox (18.13489pt too wide) in paragraph at lines 137--137
\T1/ptm/m/n/9 Win-
 []


Overfull \hbox (15.27296pt too wide) in paragraph at lines 137--137
\T1/ptm/m/n/9 dow
 []


Overfull \hbox (4.5pt too wide) in paragraph at lines 137--137
\T1/ptm/m/n/9 5 
 []


! LaTeX Error: Unknown graphics extension: .eps.

See the LaTeX manual or LaTeX Companion for explanation.
Type  H <return>  for immediate help.
 ...                                              
                                                  
l.138 ...\includegraphics[]{images/wininst_6.eps}}
                                                  
Try typing  <return>  to proceed.
If that doesn't work, type  X <return>  to quit.


Overfull \hbox (8.99089pt too wide) in paragraph at lines 138--138
[]\T1/ptm/m/n/9 (f)
 []


Overfull \hbox (18.13489pt too wide) in paragraph at lines 138--138
\T1/ptm/m/n/9 Win-
 []


Overfull \hbox (15.27296pt too wide) in paragraph at lines 138--138
\T1/ptm/m/n/9 dow
 []


Overfull \hbox (4.5pt too wide) in paragraph at lines 138--138
\T1/ptm/m/n/9 6 
 []


! LaTeX Error: Unknown graphics extension: .eps.

See the LaTeX manual or LaTeX Companion for explanation.
Type  H <return>  for immediate help.
 ...                                              
                                                  
l.152 \includegraphics{images/startup.eps}
                                          
Try typing  <return>  to proceed.
If that doesn't work, type  X <return>  to quit.

[4] [5]

! LaTeX Error: Unknown graphics extension: .eps.

See the LaTeX manual or LaTeX Companion for explanation.
Type  H <return>  for immediate help.
 ...                                              
                                                  
l.202 \includegraphics{images/wholegui.eps}
                                           
Try typing  <return>  to proceed.
If that doesn't work, type  X <return>  to quit.

[6]

! LaTeX Error: Unknown graphics extension: .eps.

See the LaTeX manual or LaTeX Companion for explanation.
Type  H <return>  for immediate help.
 ...                                              
                                                  
l.256 \includegraphics{images/calltree.eps}
                                           
Try typing  <return>  to proceed.
If that doesn't work, type  X <return>  to quit.

[7]
LaTeX Font Info:    Try loading font information for OMS+ptm on input line 296.

 ("C:\Program Files\MiKTeX 2.5\tex\latex\psnfss\omsptm.fd"
File: omsptm.fd 
)
LaTeX Font Info:    Font shape `OMS/ptm/m/n' in size <10.95> not available
(Font)              Font shape `OMS/cmsy/m/n' tried instead on input line 296.
 [8]
LaTeX Font Info:    External font `cmex10' loaded for size
(Font)              <9> on input line 336.
LaTeX Font Info:    External font `cmex10' loaded for size
(Font)              <5> on input line 336.


! LaTeX Error: Unknown graphics extension: .eps.

See the LaTeX manual or LaTeX Companion for explanation.
Type  H <return>  for immediate help.
 ...                                              
                                                  
l.340 \includegraphics{images/menu_toolbar.eps}
                                               
Try typing  <return>  to proceed.
If that doesn't work, type  X <return>  to quit.


! LaTeX Error: Unknown graphics extension: .eps.

See the LaTeX manual or LaTeX Companion for explanation.
Type  H <return>  for immediate help.
 ...                                              
                                                  
l.352 ...degraphics{images/animation_controls.eps}
                                                  
Try typing  <return>  to proceed.
If that doesn't work, type  X <return>  to quit.


LaTeX Warning: `h' float specifier changed to `ht'.

[9]

! LaTeX Error: Unknown graphics extension: .eps.

See the LaTeX manual or LaTeX Companion for explanation.
Type  H <return>  for immediate help.
 ...                                              
                                                  
l.389 \includegraphics{images/output.eps}
                                         
Try typing  <return>  to proceed.
If that doesn't work, type  X <return>  to quit.

[10] [11] (c:\amoreno\workspace\jeliot\doc\FDL.tex [12] [13] [14] [15] [16]
[17]) [18] (userguide.aux) ) 
Here is how much of TeX's memory you used:
 2222 strings out of 95408
 25537 string characters out of 1187140
 76206 words of memory out of 1076322
 5224 multiletter control sequences out of 60000
 43652 words of font info for 54 fonts, out of 1000000 for 2000
 14 hyphenation exceptions out of 8191
 34i,11n,24p,777b,272s stack positions out of 5000i,500n,10000p,200000b,32768s
PDF statistics:
 79 PDF objects out of 300000
 0 named destinations out of 300000
 1 words of extra memory for PDF output out of 10000
<C:/Program Files/MiKTeX 2.5/fonts/type1/bluesky/cm
/cmsy10.pfb>{8r.enc}<C:/Program Files/MiKTeX 2.5/fonts/type1/urw/helvetic/uhvr8
a.pfb><C:/Program Files/MiKTeX 2.5/fonts/type1/urw/courier/ucrr8a.pfb><C:/Progr
am Files/MiKTeX 2.5/fonts/type1/urw/times/utmri8a.pfb><C:/Program Files/MiKTeX 
2.5/fonts/type1/urw/times/utmb8a.pfb><C:/Program Files/MiKTeX 2.5/fonts/type1/u
rw/times/utmr8a.pfb>
Output written on userguide.pdf (19 pages, 129619 bytes).
